C:\Users\849367\OneDrive - Cognizant\Desktop\Notes\Angular_Projects\WebApiCoreLecture\ClientApp\dist\out-tsc\app\app-routing.module.js
C:\Users\849367\OneDrive - Cognizant\Desktop\Notes\Angular_Projects\WebApiCoreLecture\ClientApp\dist\out-tsc\app\app-routing.module.js.map
C:\Users\849367\OneDrive - Cognizant\Desktop\Notes\Angular_Projects\WebApiCoreLecture\ClientApp\dist\out-tsc\app\app.component.js
C:\Users\849367\OneDrive - Cognizant\Desktop\Notes\Angular_Projects\WebApiCoreLecture\ClientApp\dist\out-tsc\app\app.component.js.map
C:\Users\849367\OneDrive - Cognizant\Desktop\Notes\Angular_Projects\WebApiCoreLecture\ClientApp\dist\out-tsc\app\shared\employee.model.js
C:\Users\849367\OneDrive - Cognizant\Desktop\Notes\Angular_Projects\WebApiCoreLecture\ClientApp\dist\out-tsc\app\shared\employee.model.js.map
C:\Users\849367\OneDrive - Cognizant\Desktop\Notes\Angular_Projects\WebApiCoreLecture\ClientApp\dist\out-tsc\app\shared\employee.service.js
C:\Users\849367\OneDrive - Cognizant\Desktop\Notes\Angular_Projects\WebApiCoreLecture\ClientApp\dist\out-tsc\app\shared\employee.service.js.map
C:\Users\849367\OneDrive - Cognizant\Desktop\Notes\Angular_Projects\WebApiCoreLecture\ClientApp\dist\out-tsc\app\employee-details\employee-form\employee-form.component.js
C:\Users\849367\OneDrive - Cognizant\Desktop\Notes\Angular_Projects\WebApiCoreLecture\ClientApp\dist\out-tsc\app\employee-details\employee-form\employee-form.component.js.map
C:\Users\849367\OneDrive - Cognizant\Desktop\Notes\Angular_Projects\WebApiCoreLecture\ClientApp\dist\out-tsc\app\employee-details\employee-details.component.js
C:\Users\849367\OneDrive - Cognizant\Desktop\Notes\Angular_Projects\WebApiCoreLecture\ClientApp\dist\out-tsc\app\employee-details\employee-details.component.js.map
C:\Users\849367\OneDrive - Cognizant\Desktop\Notes\Angular_Projects\WebApiCoreLecture\ClientApp\dist\out-tsc\app\app.module.js
C:\Users\849367\OneDrive - Cognizant\Desktop\Notes\Angular_Projects\WebApiCoreLecture\ClientApp\dist\out-tsc\app\app.module.js.map
C:\Users\849367\OneDrive - Cognizant\Desktop\Notes\Angular_Projects\WebApiCoreLecture\ClientApp\dist\out-tsc\environments\environment.js
C:\Users\849367\OneDrive - Cognizant\Desktop\Notes\Angular_Projects\WebApiCoreLecture\ClientApp\dist\out-tsc\environments\environment.js.map
C:\Users\849367\OneDrive - Cognizant\Desktop\Notes\Angular_Projects\WebApiCoreLecture\ClientApp\dist\out-tsc\main.js
C:\Users\849367\OneDrive - Cognizant\Desktop\Notes\Angular_Projects\WebApiCoreLecture\ClientApp\dist\out-tsc\main.js.map
C:\Users\849367\OneDrive - Cognizant\Desktop\Notes\Angular_Projects\WebApiCoreLecture\ClientApp\dist\out-tsc\polyfills.js
C:\Users\849367\OneDrive - Cognizant\Desktop\Notes\Angular_Projects\WebApiCoreLecture\ClientApp\dist\out-tsc\polyfills.js.map
C:\Users\849367\OneDrive - Cognizant\Desktop\Notes\Angular_Projects\WebApiCoreLecture\ClientApp\dist\out-tsc\test.js
C:\Users\849367\OneDrive - Cognizant\Desktop\Notes\Angular_Projects\WebApiCoreLecture\ClientApp\dist\out-tsc\test.js.map
C:\Users\849367\OneDrive - Cognizant\Desktop\Notes\Angular_Projects\WebApiCoreLecture\ClientApp\dist\out-tsc\app\app.component.spec.js
C:\Users\849367\OneDrive - Cognizant\Desktop\Notes\Angular_Projects\WebApiCoreLecture\ClientApp\dist\out-tsc\app\app.component.spec.js.map
C:\Users\849367\OneDrive - Cognizant\Desktop\Notes\Angular_Projects\WebApiCoreLecture\ClientApp\dist\out-tsc\app\employee-details\employee-details.component.spec.js
C:\Users\849367\OneDrive - Cognizant\Desktop\Notes\Angular_Projects\WebApiCoreLecture\ClientApp\dist\out-tsc\app\employee-details\employee-details.component.spec.js.map
C:\Users\849367\OneDrive - Cognizant\Desktop\Notes\Angular_Projects\WebApiCoreLecture\ClientApp\dist\out-tsc\app\employee-details\employee-form\employee-form.component.spec.js
C:\Users\849367\OneDrive - Cognizant\Desktop\Notes\Angular_Projects\WebApiCoreLecture\ClientApp\dist\out-tsc\app\employee-details\employee-form\employee-form.component.spec.js.map
C:\Users\849367\OneDrive - Cognizant\Desktop\Notes\Angular_Projects\WebApiCoreLecture\ClientApp\dist\out-tsc\environments\environment.prod.js
C:\Users\849367\OneDrive - Cognizant\Desktop\Notes\Angular_Projects\WebApiCoreLecture\ClientApp\dist\out-tsc\environments\environment.prod.js.map
